{
  "RSpec": {
    "coverage": {
      "/Users/fariedpatel1/Documents/Maestrano2/connector/config/environment.rb": [
        null,
        1,
        null,
        null,
        1
      ],
      "/Users/fariedpatel1/Documents/Maestrano2/connector/config/application.rb": [
        1,
        null,
        1,
        null,
        null,
        null,
        1,
        null,
        1,
        1,
        1,
        1,
        1,
        1,
        null,
        null,
        null,
        null,
        null,
        null,
        null,
        null,
        null,
        null,
        null,
        null,
        null,
        null,
        null,
        1,
        null,
        null
      ],
      "/Users/fariedpatel1/Documents/Maestrano2/connector/config/boot.rb": [
        1,
        null,
        1
      ],
      "/Users/fariedpatel1/Documents/Maestrano2/connector/config/environments/test.rb": [
        1,
        null,
        null,
        null,
        null,
        null,
        null,
        1,
        null,
        null,
        null,
        null,
        1,
        null,
        null,
        1,
        1,
        null,
        null,
        1,
        1,
        null,
        null,
        1,
        null,
        null,
        1,
        null,
        null,
        null,
        null,
        1,
        null,
        null,
        1,
        null,
        null,
        1,
        null,
        null,
        null,
        null
      ],
      "/Users/fariedpatel1/Documents/Maestrano2/connector/config/initializers/assets.rb": [
        null,
        null,
        null,
        1,
        null,
        null,
        null,
        null,
        null,
        null,
        null
      ],
      "/Users/fariedpatel1/Documents/Maestrano2/connector/config/initializers/backtrace_silencers.rb": [
        null,
        null,
        null,
        null,
        null,
        null,
        null
      ],
      "/Users/fariedpatel1/Documents/Maestrano2/connector/config/initializers/cookies_serializer.rb": [
        null,
        null,
        1
      ],
      "/Users/fariedpatel1/Documents/Maestrano2/connector/config/initializers/filter_parameter_logging.rb": [
        null,
        null,
        null,
        1
      ],
      "/Users/fariedpatel1/Documents/Maestrano2/connector/config/initializers/inflections.rb": [
        null,
        null,
        null,
        null,
        null,
        null,
        null,
        null,
        null,
        null,
        null,
        null,
        null,
        null,
        null,
        null
      ],
      "/Users/fariedpatel1/Documents/Maestrano2/connector/config/initializers/maestrano.rb": [
        1,
        2,
        null,
        null,
        null,
        null,
        null,
        null,
        null,
        null,
        null,
        2,
        null,
        null,
        null,
        null,
        null,
        null,
        null,
        2,
        null,
        null,
        null,
        null,
        null,
        null,
        null,
        2,
        2,
        2,
        2,
        null,
        2,
        2,
        null,
        null,
        null,
        null,
        null,
        null,
        null,
        null,
        null,
        null,
        null,
        null,
        null,
        null,
        null,
        null,
        null,
        null,
        null,
        null,
        null,
        null,
        null,
        null,
        null,
        null,
        null,
        2,
        null,
        null,
        null,
        null,
        null,
        null,
        null,
        null,
        null,
        null,
        2,
        null,
        null,
        null,
        null,
        null,
        null,
        null,
        null,
        null,
        null,
        null,
        null,
        null,
        null,
        null,
        null,
        null,
        null,
        null,
        null,
        null,
        null,
        null,
        null,
        null,
        null,
        null,
        null,
        null,
        null,
        null,
        null,
        null,
        null,
        null,
        null,
        null,
        null,
        null,
        null,
        null,
        null,
        null,
        null,
        null,
        null,
        null,
        null,
        null,
        null,
        null,
        null,
        null,
        null,
        null,
        null,
        null,
        2,
        2,
        null,
        2,
        2,
        null,
        null,
        null,
        null,
        2,
        null,
        null,
        null,
        null,
        null,
        null,
        null,
        null,
        null,
        null,
        null,
        null,
        null,
        null,
        null,
        null,
        null,
        null,
        null,
        null,
        null,
        null,
        null,
        null,
        null,
        null,
        null,
        null,
        null,
        null
      ],
      "/Users/fariedpatel1/Documents/Maestrano2/connector/config/initializers/mime_types.rb": [
        null,
        null,
        null,
        null
      ],
      "/Users/fariedpatel1/Documents/Maestrano2/connector/config/initializers/session_store.rb": [
        null,
        null,
        1
      ],
      "/Users/fariedpatel1/Documents/Maestrano2/connector/config/initializers/sidekiq.rb": [
        1,
        null,
        null,
        1,
        1,
        0,
        null
      ],
      "/Users/fariedpatel1/Documents/Maestrano2/connector/config/initializers/wrap_parameters.rb": [
        null,
        null,
        null,
        null,
        null,
        null,
        1,
        1,
        null,
        null,
        null,
        null,
        null,
        null
      ],
      "/Users/fariedpatel1/Documents/Maestrano2/connector/spec/factories.rb": [
        1,
        null,
        1,
        1,
        1,
        1,
        1,
        1,
        null,
        null,
        1,
        1,
        1,
        1,
        1,
        1,
        1,
        null,
        null,
        1,
        1,
        1,
        1,
        null,
        null
      ],
      "/Users/fariedpatel1/Documents/Maestrano2/connector/config/routes.rb": [
        1,
        1,
        1,
        null,
        1,
        1,
        1,
        1,
        1,
        1,
        1,
        1,
        1,
        1,
        1,
        1,
        null,
        null
      ],
      "/Users/fariedpatel1/Documents/Maestrano2/connector/app/helpers/application_helper.rb": [
        1,
        null
      ],
      "/Users/fariedpatel1/Documents/Maestrano2/connector/app/controllers/home_controller.rb": [
        1,
        1,
        1,
        null,
        null,
        1,
        0,
        null,
        0,
        0,
        null,
        0,
        0,
        null,
        0,
        null,
        0,
        0,
        0,
        0,
        0,
        null,
        0,
        null,
        null,
        null,
        0,
        null,
        0,
        0,
        0,
        null,
        null,
        null,
        0,
        null,
        null,
        1,
        0,
        0,
        0,
        null,
        null,
        0,
        null,
        null,
        1,
        1,
        null,
        null,
        null
      ],
      "/Users/fariedpatel1/Documents/Maestrano2/connector/app/controllers/application_controller.rb": [
        1,
        1,
        1,
        null,
        null,
        1,
        null
      ],
      "/Users/fariedpatel1/Documents/Maestrano2/connector/spec/controllers/oauthcontroller_spec.rb": [
        1,
        null,
        1,
        1,
        3,
        1,
        2,
        null,
        1,
        null,
        1,
        1,
        0,
        null,
        null,
        1,
        null,
        null,
        1,
        1,
        0,
        null,
        null,
        1,
        null,
        null,
        null,
        1,
        5,
        1,
        4,
        null,
        1,
        1,
        null,
        1,
        1,
        0,
        0,
        null,
        null,
        null,
        1,
        1,
        null,
        1,
        0,
        0,
        null,
        null,
        null,
        1,
        1,
        null,
        1,
        1,
        0,
        null,
        null,
        1,
        0,
        0,
        null,
        null,
        null,
        1,
        1,
        0,
        0,
        0,
        null,
        null,
        1,
        0,
        0,
        0,
        null,
        null,
        null,
        null,
        null,
        1,
        2,
        1,
        null,
        1,
        1,
        null,
        3,
        null,
        null,
        1,
        1,
        3,
        1,
        2,
        null,
        null,
        1,
        1,
        0,
        null,
        null,
        1,
        null,
        null,
        1,
        1,
        0,
        null,
        null,
        1,
        0,
        0,
        0,
        null,
        null,
        null,
        null,
        null
      ],
      "/Users/fariedpatel1/Documents/Maestrano2/connector/app/controllers/oauth_controller.rb": [
        1,
        1,
        0,
        0,
        0,
        0,
        null,
        null,
        null,
        0,
        null,
        0,
        null,
        null,
        null,
        1,
        0,
        0,
        null,
        0,
        0,
        null,
        null,
        null,
        null,
        0,
        0,
        0,
        0,
        0,
        0,
        0,
        null,
        null,
        null,
        0,
        null,
        null,
        1,
        0,
        null,
        0,
        0,
        0,
        0,
        0,
        0,
        0,
        null,
        null,
        0,
        null,
        null
      ],
      "/Users/fariedpatel1/Documents/Maestrano2/connector/spec/controllers/shared_entities_controller_spec.rb": [
        1,
        null,
        1,
        1,
        2,
        null,
        2,
        null,
        1,
        2,
        1,
        1,
        1,
        0,
        null,
        null,
        1,
        0,
        0,
        null,
        null,
        null,
        null
      ],
      "/Users/fariedpatel1/Documents/Maestrano2/connector/app/controllers/shared_entities_controller.rb": [
        1,
        1,
        1,
        0,
        null,
        null,
        null
      ],
      "/Users/fariedpatel1/Documents/Maestrano2/connector/spec/controllers/synchronizations_controller_spec.rb": [
        1,
        null,
        1,
        1,
        2,
        null,
        2,
        null,
        1,
        2,
        1,
        1,
        1,
        null,
        null,
        1,
        0,
        0,
        null,
        null,
        null,
        null
      ],
      "/Users/fariedpatel1/Documents/Maestrano2/connector/app/controllers/synchronizations_controller.rb": [
        1,
        1,
        1,
        0,
        null,
        null,
        null
      ]
    },
    "timestamp": 1469635426
  }
}
